{"/home/igorcarmona/igorcarmona/trabalho-testes/code1.ts": {"path":"/home/igorcarmona/igorcarmona/trabalho-testes/code1.ts","statementMap":{"0":{"start":{"line":1,"column":20},"end":{"line":9,"column":1}},"1":{"start":{"line":2,"column":49},"end":{"line":7,"column":6}},"2":{"start":{"line":8,"column":4},"end":{"line":8,"column":57}},"3":{"start":{"line":15,"column":9},"end":{"line":15,"column":20}},"4":{"start":{"line":11,"column":21},"end":{"line":13,"column":1}},"5":{"start":{"line":12,"column":4},"end":{"line":12,"column":52}},"6":{"start":{"line":15,"column":22},"end":{"line":15,"column":34}}},"fnMap":{"0":{"name":"(anonymous_0)","decl":{"start":{"line":1,"column":20},"end":{"line":1,"column":21}},"loc":{"start":{"line":1,"column":82},"end":{"line":9,"column":1}}},"1":{"name":"(anonymous_1)","decl":{"start":{"line":11,"column":21},"end":{"line":11,"column":22}},"loc":{"start":{"line":11,"column":46},"end":{"line":13,"column":1}}}},"branchMap":{"0":{"loc":{"start":{"line":8,"column":11},"end":{"line":8,"column":56}},"type":"cond-expr","locations":[{"start":{"line":8,"column":30},"end":{"line":8,"column":34}},{"start":{"line":8,"column":34},"end":{"line":8,"column":56}}]},"1":{"loc":{"start":{"line":8,"column":11},"end":{"line":8,"column":34}},"type":"binary-expr","locations":[{"start":{"line":8,"column":11},"end":{"line":8,"column":34}},{"start":{"line":8,"column":30},"end":{"line":8,"column":34}}]}},"s":{"0":2,"1":16,"2":16,"3":2,"4":2,"5":21,"6":2},"f":{"0":16,"1":21},"b":{"0":[13,3],"1":[16,16]}}
}
